<?xml version="1.0" encoding="UTF-8"?>
<testng-results ignored="0" total="2" passed="2" failed="0" skipped="0">
  <reporter-output>
  </reporter-output>
  <suite started-at="2025-05-05T18:30:46 IST" name="Suite" finished-at="2025-05-05T18:31:01 IST" duration-ms="14540">
    <groups>
      <group name="Master">
        <method signature="TC001_AccountRegistration.verify_account_registration()[pri:0, instance:testCases.TC001_AccountRegistration@2d2ffcb7]" name="verify_account_registration" class="testCases.TC001_AccountRegistration"/>
        <method signature="TC002_LoginTest.verify_account_registration()[pri:0, instance:testCases.TC002_LoginTest@6db9f5a4]" name="verify_account_registration" class="testCases.TC002_LoginTest"/>
      </group> <!-- Master -->
      <group name="Sanity">
        <method signature="TC002_LoginTest.verify_account_registration()[pri:0, instance:testCases.TC002_LoginTest@6db9f5a4]" name="verify_account_registration" class="testCases.TC002_LoginTest"/>
      </group> <!-- Sanity -->
      <group name="Regression">
        <method signature="TC001_AccountRegistration.verify_account_registration()[pri:0, instance:testCases.TC001_AccountRegistration@2d2ffcb7]" name="verify_account_registration" class="testCases.TC001_AccountRegistration"/>
      </group> <!-- Regression -->
    </groups>
    <test started-at="2025-05-05T18:30:46 IST" name="chromeTest" finished-at="2025-05-05T18:31:01 IST" duration-ms="14540">
      <class name="testCases.TC002_LoginTest">
        <test-method is-config="true" signature="setup(java.lang.String,java.lang.String)[pri:0, instance:testCases.TC002_LoginTest@6db9f5a4]" started-at="2025-05-05T18:30:55 IST" name="setup" finished-at="2025-05-05T18:30:59 IST" duration-ms="3116" status="PASS">
          <params>
            <param index="0">
              <value>
                <![CDATA[Windows]]>
              </value>
            </param>
            <param index="1">
              <value>
                <![CDATA[chrome]]>
              </value>
            </param>
          </params>
          <reporter-output>
          </reporter-output>
        </test-method> <!-- setup -->
        <test-method signature="verify_account_registration()[pri:0, instance:testCases.TC002_LoginTest@6db9f5a4]" started-at="2025-05-05T18:30:59 IST" name="verify_account_registration" finished-at="2025-05-05T18:31:01 IST" duration-ms="2077" status="PASS">
          <reporter-output>
          </reporter-output>
        </test-method> <!-- verify_account_registration -->
        <test-method is-config="true" signature="tearDown()[pri:0, instance:testCases.TC002_LoginTest@6db9f5a4]" started-at="2025-05-05T18:31:01 IST" name="tearDown" finished-at="2025-05-05T18:31:01 IST" duration-ms="259" status="PASS">
          <reporter-output>
          </reporter-output>
        </test-method> <!-- tearDown -->
      </class> <!-- testCases.TC002_LoginTest -->
      <class name="testCases.TC001_AccountRegistration">
        <test-method is-config="true" signature="setup(java.lang.String,java.lang.String)[pri:0, instance:testCases.TC001_AccountRegistration@2d2ffcb7]" started-at="2025-05-05T18:30:47 IST" name="setup" finished-at="2025-05-05T18:30:50 IST" duration-ms="3468" status="PASS">
          <params>
            <param index="0">
              <value>
                <![CDATA[Windows]]>
              </value>
            </param>
            <param index="1">
              <value>
                <![CDATA[chrome]]>
              </value>
            </param>
          </params>
          <reporter-output>
          </reporter-output>
        </test-method> <!-- setup -->
        <test-method signature="verify_account_registration()[pri:0, instance:testCases.TC001_AccountRegistration@2d2ffcb7]" started-at="2025-05-05T18:30:50 IST" name="verify_account_registration" finished-at="2025-05-05T18:30:55 IST" duration-ms="4987" status="PASS">
          <reporter-output>
          </reporter-output>
        </test-method> <!-- verify_account_registration -->
        <test-method is-config="true" signature="tearDown()[pri:0, instance:testCases.TC001_AccountRegistration@2d2ffcb7]" started-at="2025-05-05T18:30:55 IST" name="tearDown" finished-at="2025-05-05T18:30:55 IST" duration-ms="355" status="PASS">
          <reporter-output>
          </reporter-output>
        </test-method> <!-- tearDown -->
      </class> <!-- testCases.TC001_AccountRegistration -->
    </test> <!-- chromeTest -->
  </suite> <!-- Suite -->
</testng-results>
